Turbo Assembler	 Version 4.0	    19/12/17 13:06:41	    Page 1
ctx.asm



      1				     Masm	 ;ctx.asm – така назва прикладної програми  управління об'єктом
      2	0000			     model small
      3	0000			     .stack 100h
      4	0000			     .data
      5	      =0090		     MS	equ 90h	     ;Команда програмування адаптера
      6				     ;Команди модифікації ліній	порту С	адаптера
      7	      =0000		     CNB_0 equ 00h   ;Скидання у нуль CNB
      8	      =0001		     CNB_1 equ 01h   ;Установка	у одиницю CNB
      9	      =0004		     WAY_0 equ 04h   ;Скидання у нуль WAY
     10	      =0005		     WAY_1 equ 05h   ;Установка	у одиницю WAY
     11	      =0008		     MOD_0 equ 08h   ;Скидання у нуль MOD
     12	      =0009		     MOD_1 equ 09h   ;Установка	у одиницю MOD
     13	      =000C		     SEL_0 equ 0Ch   ;Скидання у нуль SEL
     14	      =000D		     SEL_1 equ 0Dh   ;Установка	у одиницю SEL
     15	      =000E		     RED_0 equ 0Eh   ;Скидання у нуль RED
     16	      =000F		     RED_1 equ 0Fh   ;Установка	у одиницю RED
     17	0000  0003 0004	0006 0007 +  time dw 3,	4, 6, 7, 8, 11,	12, 15,	16, 19,	20, 21,	 24 ;Параметри процедури затримки
     18	      0008 000B	000C 000F +
     19	      0010 0013	0014 0015 +
     20	      0018
     21	001A  03E8 07D0	0BB8 0FA0 +  del dw 1000, 2000,	3000, 4000, 5000, 6000,	7000, 8000, 9000
     22	      1388 1770	1B58 1F40 +
     23	      2328
     24	002C  02 03 04 05 06 07	08+  Q db 2, 3,	4, 5, 6, 7, 8, 9, 10, 11, 12  ;Щільність сигналів управління
     25	      09 0A 0B 0C
     26				     ;Визначення адресів адаптера
     27	      =0046		     cr	equ  46h     ;Регістр управління
     28	      =0048		     pa	equ cr+2     ;Порт А
     29	      =004A		     pb	equ cr+4     ;Порт В
     30	      =004C		     pc	equ cr+6     ;Порт С
     31	      =004D		     pio equ cr+7    ;Порт введення-виведення
     32	0037  20 20 20 20 20 20	20+  mes_1 db '		 CONTROL COUNTER  CTX_OT-419_06_Jemets',0dh,0ah, 0ah,'$'
     33	      20 20 20 43 4F 4E	54+
     34	      52 4F 4C 20 43 4F	55+
     35	      4E 54 45 52 20 20	43+
     36	      54 58 5F 4F 54 2D	34+
     37	      31 39 5F 30 36 5F	4A+
     38	      65 6D 65 74 73 0D	0A+
     39	      0A 24
     40	006A  20 20 20 20 20 20	20+  mes_2 db '		 ERROR STATE CTX OT-419_06_Jemets', 0dh, '$'
     41	      20 20 20 45 52 52	4F+
     42	      52 20 53 54 41 54	45+
     43	      20 43 54 58 20 4F	54+
     44	      2D 34 31 39 5F 30	36+
     45	      5F 4A 65 6D 65 74	73+
     46	      0D 24
     47	0096  20 20 20 20 20 20	20+  mes_3 db '		 CONTROL SUCCESS  CTX_OT-419_06_Jemets',0dh,0ah, 0ah,'$'
     48	      20 20 20 43 4F 4E	54+
     49	      52 4F 4C 20 53 55	43+
     50	      43 45 53 53 20 20	43+
     51	      54 58 5F 4F 54 2D	34+
     52	      31 39 5F 30 36 5F	4A+
     53	      65 6D 65 74 73 0D	0A+
     54	      0A 24
     55	00C9			     .code
     56	0000				     stb proc near	    ;Процедура формування STB
     57	      =0003			     stb_1 equ 03h   ;Команда BSR адаптеру
Turbo Assembler	 Version 4.0	    19/12/17 13:06:41	    Page 2
ctx.asm



     58	0000  B0 03			    mov	al, STB_1   ;Команда установки STB
     59	0002  E8 000A		     all: call imp	     ;Формування імпульсу
     60	0005  C3			      ret			;Повернення із процедури
     61	0006			       endp
     62	0006			     clr proc near	       ;Процедура формування CLR
     63	      =000D			 clr_1 equ 0dh
     64	0006  B0 0D			     mov al, clr_1	 ;Команда установки CLR
     65	0008  EB F8			     jmp all	     ;Перехід на формування
     66	000A				     endp
     67	000A			     clk proc near
     68	      =0009			    clk_1 equ 09h   ;Процедура формування CLK
     69	000A  B0 09			    mov	al, clk_1
     70	000C  EB F4			       jmp all
     71	000E  C3			       ret			;Повернення із процедури
     72	000F			      endp
     73	000F			     imp proc near	    ;Процедура формування імпульсу
     74	000F  E6 46			      out cr,al		     ;Установка	у одиницю
     75	0011  E8 0008			      call delay	     ;Витримка тривалості імпульсу
     76	0014  FE C8			      dec al	     ;Формування команди скидання
     77	0016  E6 46			      out cr,al		     ;Скидання у нуль
     78	0018  E8 0012			   call	paus		 ;Витримка паузи
     79	001B  C3			      ret		       ;Повернення із процедури
     80	001C			     endp
     81	001C			     delay proc	near	    ;Процедура формування затримки
     82	001C  51				push cx		     ;Підготовка лічильників циклів
     83	001D  8B 0E 0003r			mov cx,	time+3	     ;Параметр зовнішнього циклу
     84	0021  51		       ext:push	cx	     ;Буферизація параметра
     85	0022  8B 0E 0021r			mov cx,	del+7	;Параметр внутрішнього циклу
     86	0026  E2 FE		       ier:loop	ier	    ;Внутрішній	цикл
     87	0028  59				pop cx		    ;Поновлення	параметра
     88	0029  E2 F6				loop ext	     ;Зовнішній	цикл
     89	002B  59			      pop cx	    ; Поновлення значення
     90	002C  C3			   ret			     ;Повернення із процедури
     91	002D			     endp
     92	002D				   paus	proc near	       ;Процедура формування паузи
     93	002D  BB 0035r			     lea bx, Q+9	    ;Адрес щільності
     94	0030  8A 07			     mov al, [bx]	     ;Пересилка	щільності
     95	0032  E8 FFE7			    next:call delay		;Виклик	затримки
     96	0035  FE C8			     dec al		       ;Корекція лічильника
     97	0037  75 F9			     jnz next
     98	0039  C3			      ret			;Повернення із процедури
     99	003A			     endp
    100					out_scr	macro mes	;Макрос	видачі на екран	повідомлення
    101						     mov dx,offset mes	;Адреса	повідомлення
    102						     mov ah,09h		     ;Функція DOS
    103						     int 21h
    104					 endm
    105	003A  B8 0000s			     start:   mov ax, @data	     ;Основна програма управління
    106	003D  8E D8					    mov	ds,ax		      ;Визначення сегменту даних
    107							   out_scr  mes_1	   ;Вивід на
1   108	003F  BA 0037r				     mov dx,offset mes_1  ;Адреса повідомлення
1   109	0042  B4 09				     mov ah,09h		     ;Функція DOS
1   110	0044  CD 21				     int 21h
    111							out_scr	 mes_2		 ;екран	повідомлень
1   112	0046  BA 006Ar				     mov dx,offset mes_2  ;Адреса повідомлення
1   113	0049  B4 09				     mov ah,09h		     ;Функція DOS
1   114	004B  CD 21				     int 21h
Turbo Assembler	 Version 4.0	    19/12/17 13:06:41	    Page 3
ctx.asm



    115	004D  E9 0083		     jmp www
    116	0050  B0 90					   mov al, MS		       ;Програмування
    117	0052  E6 46					   out cr, al				 ;адаптера
    118	0054  32 C0					   xor al, al				 ;Скид у нуль
    119	0056  E6 4C					   out pc, al				 ;ліній	порту С
    120	0058  E4 4D					   in al, pio				 ;Читання порту
    121	005A  8A E0					  mov ah,al
    122	005C  E6 4A				  out pb, al			 ;Запис	у порт В
    123	005E  B0 01				   mov al, CNB_1     ;Установка
    124	0060  E6 46					   out cr, al				;в одиницю лінії CNB
    125	0062  E8 FF9B					call stb			 ;Запис	у лічильник CTH
    126	0065  B0 0F					mov al,RED_1		;Установка
    127	0067  E6 46					   out cr, al				 ;в одиницю лінії RED
    128	0069  B0 05					mov al,	WAY_1	     ;Установка	у одиницю
    129	006B  E6 46					  out cr, al			 ;лінії	WAY
    130	006D  E4 48				       in al,pa
    131	006F  22 C4					and al,ah
    132	0071  F6 D0					not al				 ;Виконання функції
    133	0073  E6 4A					out pb,	al
    134	0075  E8 FF88				       call stb				;Запись	в CTL
    135	0078  B0 0E					mov al,RED_0		;Установка
    136	007A  E6 46					   out cr, al				 ;в ноль лінії RED
    137	007C  E4 48					in al,pa			;Виконання
    138	007E  24 0F					   and al,0fh
    139	0080  8A E0					mov ah,al
    140	0082  B0 0F					mov al,RED_1		;Установка
    141	0084  E6 46					   out cr, al				 ;в одиницю лінії RED
    142	0086  8A E0					mov ah,	al		       ;Збереження CTL
    143	0088  B0 09					 mov al, MOD_1	     ;Установка	одиниці
    144	008A  E6 46					out cr,	al			;лінії MOD
    145	008C  B0 0F					mov al,	0fh	       ;Виведення одиниць
    146	008E  E6 4A					out pb,	al
    147	0090  E4 48			       whil:	   in al,pa   ;Перед умовний цикл корекції  ;Читання CTX
    148	0092  24 0F					   and al, 0fh ;nop		       ;Формування CTH
    149	0094  3A C4					   cmp al, ah		       ;Порівняння (CTH)-(CTL)
    150	0096  72 08					   jb exec			 ;  (CTH) < (CTL)
    151	0098  E8 FF65					   call	stb			 ;Запис	 CTL:=1111
    152	009B  E8 FF6C					   call	clk			 ;Дія CTX:=CTX +1
    153	009E  EB F0					   jmp whil			 ;Повторити
    154	00A0  8A C4				exec:mov al,ah
    155	00A2  E6 4A					out pb,	al
    156						      ;Видача у	порт В старого значення	CTL
    157	00A4  E8 FF59					   call	stb			 ;Запис	у CTL
    158	00A7  E4 48					   in al,pa			 ;Читання СTX
    159	00A9  24 0F					   and al, 0fh		       ;Формування CTH
    160	00AB  8A E0					   mov ah,al			 ;Збереження CTH
    161	00AD  B0 08					mov al,MOD_0	      ;Установка у нуль
    162	00AF  E6 46					   out cr,al			 ;лінії	MOD
    163	00B1  B0 0E				 mov al,RED_0		       ;Скид у нуль
    164	00B3  E6 46				 out cr,al			 ;лінії	RED
    165	00B5  E8 FF52				  rpit:call clk	    ;Пост умовний цикл	 CTL:=CTL - 1
    166	00B8  E4 48					   in al,pa			 ;Читання лічильника CTX
    167	00BA  24 0F					   and al,0fh				 ;Формування в al значення CTL
    168	00BC  3A C4					   cmp al,ah			;Порівняння (CTL) - (CTH)
    169	00BE  72 F5					jb rpit				  ;Умова (CTL) < (CTH)
    170	00C0  B0 00					   mov al,CNB_0		       ;Скидання у нуль
    171	00C2  E6 46			 out cr,al			 ;лінії	CNB
Turbo Assembler	 Version 4.0	    19/12/17 13:06:41	    Page 4
ctx.asm



    172	00C4  B0 04			 mov al,WAY_0	     ;Скидання у нуль
    173	00C6  E6 46				 out cr,al			 ;лінії	 WAY
    174	00C8  8A C4				 mov al,ah			 ;Передача у порт В
    175	00CA  E6 4A			      out pb,al		     ;старого значення CTH
    176	00CC  E8 FF31				 call stb			 ;Поновлення CTH
    177	00CF  E4 48				 in al,pa			 ;Читання CTX
    178	00D1  E6 4D				 out pio, al			;Запис у порт PIO
    179	00D3				    www:   out_scr  mes_3	      ;Виведення повідомлення
1   180	00D3  BA 0096r				     mov dx,offset mes_3  ;Адреса повідомлення
1   181	00D6  B4 09				     mov ah,09h		     ;Функція DOS
1   182	00D8  CD 21				     int 21h
    183	00DA  B8 4C00					mov ax,4c00h		  ;Повернення у	операційне
    184	00DD  CD 21					int 21h			      ;	середовище MS DOS
    185						 end start
Turbo Assembler	 Version 4.0	    19/12/17 13:06:41	    Page 5
Symbol Table




Symbol Name			  Type	 Value

??DATE				  Text	 "19/12/17"
??FILENAME			  Text	 "ctx	  "
??TIME				  Text	 "13:06:41"
??VERSION			  Number 0400
@32BIT				  Text	 0
@CODE				  Text	 _TEXT
@CODESIZE			  Text	 0
@CPU				  Text	 0101H
@CURSEG				  Text	 _TEXT
@DATA				  Text	 DGROUP
@DATASIZE			  Text	 0
@FILENAME			  Text	 CTX
@INTERFACE			  Text	 00H
@MODEL				  Text	 2
@STACK				  Text	 DGROUP
@WORDSIZE			  Text	 2
ALL				  Near	 _TEXT:0002
CLK				  Near	 _TEXT:000A
CLK_1				  Number 0009
CLR				  Near	 _TEXT:0006
CLR_1				  Number 000D
CNB_0				  Number 0000
CNB_1				  Number 0001
CR				  Number 0046
DEL				  Word	 DGROUP:001A
DELAY				  Near	 _TEXT:001C
EXEC				  Near	 _TEXT:00A0
EXT				  Near	 _TEXT:0021
IER				  Near	 _TEXT:0026
IMP				  Near	 _TEXT:000F
MES_1				  Byte	 DGROUP:0037
MES_2				  Byte	 DGROUP:006A
MES_3				  Byte	 DGROUP:0096
MOD_0				  Number 0008
MOD_1				  Number 0009
MS				  Number 0090
NEXT				  Near	 _TEXT:0032
PA				  Number 0048
PAUS				  Near	 _TEXT:002D
PB				  Number 004A
PC				  Number 004C
PIO				  Number 004D
Q				  Byte	 DGROUP:002C
RED_0				  Number 000E
RED_1				  Number 000F
RPIT				  Near	 _TEXT:00B5
SEL_0				  Number 000C
SEL_1				  Number 000D
START				  Near	 _TEXT:003A
STB				  Near	 _TEXT:0000
STB_1				  Number 0003
TIME				  Word	 DGROUP:0000
WAY_0				  Number 0004
WAY_1				  Number 0005
Turbo Assembler	 Version 4.0	    19/12/17 13:06:41	    Page 6
Symbol Table



WHIL				  Near	 _TEXT:0090
WWW				  Near	 _TEXT:00D3

Macro Name

OUT_SCR

Groups & Segments		  Bit Size Align  Combine Class

DGROUP				  Group
  STACK				  16  0100 Para	  Stack	  STACK
  _DATA				  16  00C9 Word	  Public  DATA
_TEXT				  16  00DF Word	  Public  CODE
